<?xml version="1.0" encoding="utf-8" standalone="no"?>
<test-run id="2" testcasecount="0" result="Failed" label="Invalid" total="0" passed="0" failed="0" inconclusive="0" skipped="0" asserts="0" engine-version="3.10.0.0" clr-version="4.0.30319.42000" start-time="2020-11-12 10:36:56Z" end-time="2020-11-12 10:36:56Z" duration="0.497597">
  <command-line><![CDATA[nunit3-console  NUnitTestProject8]]></command-line>
  <test-suite type="Unknown" id="0-1" name="NUnitTestProject8" fullname="C:\Users\User01\source\repos\NUnitTestProject8\NUnitTestProject8" testcasecount="0" runstate="NotRunnable" result="Failed" label="Invalid">
    <properties>
      <property name="_SKIPREASON" value="File not found: C:\Users\User01\source\repos\NUnitTestProject8\NUnitTestProject8" />
    </properties>
    <reason>
      <message>File not found: C:\Users\User01\source\repos\NUnitTestProject8\NUnitTestProject8</message>
    </reason>
  </test-suite>
</test-run>