<?xml version="1.0" encoding="utf-8" standalone="no"?>
<test-run start-time="2020-11-11 20:53:06Z">
  <command-line><![CDATA[nunit3-console  --inprocess  NUnitTestProject8.dll ]]></command-line>
</test-run>